2024-10-08 15:50:48,084 [Worker-6: Loading available Gradle versions] INFO  o.e.b.c.i.u.g.PublishedGradleVersions - Gradle version information cache is up-to-date. Trying to read.
2024-10-08 15:52:02,400 [Worker-19: Launching mavenrun-97b5711d-5e1f-43a2-a1f7-ef82d2bab380] INFO  o.eclipse.m2e.core.internal.Bundles - getClasspathEntries(Bundle=org.eclipse.m2e.maven.runtime_3.9.600.20231203-1234 [300])
2024-10-08 15:52:02,403 [Worker-19: Launching mavenrun-97b5711d-5e1f-43a2-a1f7-ef82d2bab380] INFO  o.eclipse.m2e.core.internal.Bundles - 	Entry: C:\Users\User\Downloads\eclipse\plugins\org.eclipse.m2e.maven.runtime_3.9.600.20231203-1234
2024-10-08 15:52:02,403 [Worker-19: Launching mavenrun-97b5711d-5e1f-43a2-a1f7-ef82d2bab380] INFO  o.eclipse.m2e.core.internal.Bundles - 	Entry: C:\Users\User\Downloads\eclipse\plugins\org.eclipse.m2e.maven.runtime_3.9.600.20231203-1234\jars\aopalliance-1.0.jar
2024-10-08 15:52:02,404 [Worker-19: Launching mavenrun-97b5711d-5e1f-43a2-a1f7-ef82d2bab380] INFO  o.eclipse.m2e.core.internal.Bundles - 	Entry: C:\Users\User\Downloads\eclipse\plugins\org.eclipse.m2e.maven.runtime_3.9.600.20231203-1234\jars\guice-5.1.0.jar
2024-10-08 15:52:02,404 [Worker-19: Launching mavenrun-97b5711d-5e1f-43a2-a1f7-ef82d2bab380] INFO  o.eclipse.m2e.core.internal.Bundles - 	Entry: C:\Users\User\Downloads\eclipse\plugins\org.eclipse.m2e.maven.runtime_3.9.600.20231203-1234\jars\httpclient-4.5.14.jar
2024-10-08 15:52:02,404 [Worker-19: Launching mavenrun-97b5711d-5e1f-43a2-a1f7-ef82d2bab380] INFO  o.eclipse.m2e.core.internal.Bundles - 	Entry: C:\Users\User\Downloads\eclipse\plugins\org.eclipse.m2e.maven.runtime_3.9.600.20231203-1234\jars\httpcore-4.4.16.jar
2024-10-08 15:52:02,404 [Worker-19: Launching mavenrun-97b5711d-5e1f-43a2-a1f7-ef82d2bab380] INFO  o.eclipse.m2e.core.internal.Bundles - 	Entry: C:\Users\User\Downloads\eclipse\plugins\org.eclipse.m2e.maven.runtime_3.9.600.20231203-1234\jars\jansi-2.4.0.jar
2024-10-08 15:52:02,404 [Worker-19: Launching mavenrun-97b5711d-5e1f-43a2-a1f7-ef82d2bab380] INFO  o.eclipse.m2e.core.internal.Bundles - 	Entry: C:\Users\User\Downloads\eclipse\plugins\org.eclipse.m2e.maven.runtime_3.9.600.20231203-1234\jars\jcl-over-slf4j-1.7.36.jar
2024-10-08 15:52:02,404 [Worker-19: Launching mavenrun-97b5711d-5e1f-43a2-a1f7-ef82d2bab380] INFO  o.eclipse.m2e.core.internal.Bundles - 	Entry: C:\Users\User\Downloads\eclipse\plugins\org.eclipse.m2e.maven.runtime_3.9.600.20231203-1234\jars\maven-artifact-3.9.6.jar
2024-10-08 15:52:02,405 [Worker-19: Launching mavenrun-97b5711d-5e1f-43a2-a1f7-ef82d2bab380] INFO  o.eclipse.m2e.core.internal.Bundles - 	Entry: C:\Users\User\Downloads\eclipse\plugins\org.eclipse.m2e.maven.runtime_3.9.600.20231203-1234\jars\maven-builder-support-3.9.6.jar
2024-10-08 15:52:02,405 [Worker-19: Launching mavenrun-97b5711d-5e1f-43a2-a1f7-ef82d2bab380] INFO  o.eclipse.m2e.core.internal.Bundles - 	Entry: C:\Users\User\Downloads\eclipse\plugins\org.eclipse.m2e.maven.runtime_3.9.600.20231203-1234\jars\maven-compat-3.9.6.jar
2024-10-08 15:52:02,405 [Worker-19: Launching mavenrun-97b5711d-5e1f-43a2-a1f7-ef82d2bab380] INFO  o.eclipse.m2e.core.internal.Bundles - 	Entry: C:\Users\User\Downloads\eclipse\plugins\org.eclipse.m2e.maven.runtime_3.9.600.20231203-1234\jars\maven-core-3.9.6.jar
2024-10-08 15:52:02,405 [Worker-19: Launching mavenrun-97b5711d-5e1f-43a2-a1f7-ef82d2bab380] INFO  o.eclipse.m2e.core.internal.Bundles - 	Entry: C:\Users\User\Downloads\eclipse\plugins\org.eclipse.m2e.maven.runtime_3.9.600.20231203-1234\jars\maven-embedder-3.9.6.jar
2024-10-08 15:52:02,405 [Worker-19: Launching mavenrun-97b5711d-5e1f-43a2-a1f7-ef82d2bab380] INFO  o.eclipse.m2e.core.internal.Bundles - 	Entry: C:\Users\User\Downloads\eclipse\plugins\org.eclipse.m2e.maven.runtime_3.9.600.20231203-1234\jars\maven-model-3.9.6.jar
2024-10-08 15:52:02,406 [Worker-19: Launching mavenrun-97b5711d-5e1f-43a2-a1f7-ef82d2bab380] INFO  o.eclipse.m2e.core.internal.Bundles - 	Entry: C:\Users\User\Downloads\eclipse\plugins\org.eclipse.m2e.maven.runtime_3.9.600.20231203-1234\jars\maven-model-builder-3.9.6.jar
2024-10-08 15:52:02,406 [Worker-19: Launching mavenrun-97b5711d-5e1f-43a2-a1f7-ef82d2bab380] INFO  o.eclipse.m2e.core.internal.Bundles - 	Entry: C:\Users\User\Downloads\eclipse\plugins\org.eclipse.m2e.maven.runtime_3.9.600.20231203-1234\jars\maven-plugin-api-3.9.6.jar
2024-10-08 15:52:02,406 [Worker-19: Launching mavenrun-97b5711d-5e1f-43a2-a1f7-ef82d2bab380] INFO  o.eclipse.m2e.core.internal.Bundles - 	Entry: C:\Users\User\Downloads\eclipse\plugins\org.eclipse.m2e.maven.runtime_3.9.600.20231203-1234\jars\maven-repository-metadata-3.9.6.jar
2024-10-08 15:52:02,406 [Worker-19: Launching mavenrun-97b5711d-5e1f-43a2-a1f7-ef82d2bab380] INFO  o.eclipse.m2e.core.internal.Bundles - 	Entry: C:\Users\User\Downloads\eclipse\plugins\org.eclipse.m2e.maven.runtime_3.9.600.20231203-1234\jars\maven-resolver-api-1.9.18.jar
2024-10-08 15:52:02,406 [Worker-19: Launching mavenrun-97b5711d-5e1f-43a2-a1f7-ef82d2bab380] INFO  o.eclipse.m2e.core.internal.Bundles - 	Entry: C:\Users\User\Downloads\eclipse\plugins\org.eclipse.m2e.maven.runtime_3.9.600.20231203-1234\jars\maven-resolver-connector-basic-1.9.18.jar
2024-10-08 15:52:02,406 [Worker-19: Launching mavenrun-97b5711d-5e1f-43a2-a1f7-ef82d2bab380] INFO  o.eclipse.m2e.core.internal.Bundles - 	Entry: C:\Users\User\Downloads\eclipse\plugins\org.eclipse.m2e.maven.runtime_3.9.600.20231203-1234\jars\maven-resolver-impl-1.9.18.jar
2024-10-08 15:52:02,407 [Worker-19: Launching mavenrun-97b5711d-5e1f-43a2-a1f7-ef82d2bab380] INFO  o.eclipse.m2e.core.internal.Bundles - 	Entry: C:\Users\User\Downloads\eclipse\plugins\org.eclipse.m2e.maven.runtime_3.9.600.20231203-1234\jars\maven-resolver-named-locks-1.9.18.jar
2024-10-08 15:52:02,407 [Worker-19: Launching mavenrun-97b5711d-5e1f-43a2-a1f7-ef82d2bab380] INFO  o.eclipse.m2e.core.internal.Bundles - 	Entry: C:\Users\User\Downloads\eclipse\plugins\org.eclipse.m2e.maven.runtime_3.9.600.20231203-1234\jars\maven-resolver-provider-3.9.6.jar
2024-10-08 15:52:02,407 [Worker-19: Launching mavenrun-97b5711d-5e1f-43a2-a1f7-ef82d2bab380] INFO  o.eclipse.m2e.core.internal.Bundles - 	Entry: C:\Users\User\Downloads\eclipse\plugins\org.eclipse.m2e.maven.runtime_3.9.600.20231203-1234\jars\maven-resolver-spi-1.9.18.jar
2024-10-08 15:52:02,407 [Worker-19: Launching mavenrun-97b5711d-5e1f-43a2-a1f7-ef82d2bab380] INFO  o.eclipse.m2e.core.internal.Bundles - 	Entry: C:\Users\User\Downloads\eclipse\plugins\org.eclipse.m2e.maven.runtime_3.9.600.20231203-1234\jars\maven-resolver-transport-file-1.9.18.jar
2024-10-08 15:52:02,407 [Worker-19: Launching mavenrun-97b5711d-5e1f-43a2-a1f7-ef82d2bab380] INFO  o.eclipse.m2e.core.internal.Bundles - 	Entry: C:\Users\User\Downloads\eclipse\plugins\org.eclipse.m2e.maven.runtime_3.9.600.20231203-1234\jars\maven-resolver-transport-http-1.9.18.jar
2024-10-08 15:52:02,408 [Worker-19: Launching mavenrun-97b5711d-5e1f-43a2-a1f7-ef82d2bab380] INFO  o.eclipse.m2e.core.internal.Bundles - 	Entry: C:\Users\User\Downloads\eclipse\plugins\org.eclipse.m2e.maven.runtime_3.9.600.20231203-1234\jars\maven-resolver-transport-wagon-1.9.18.jar
2024-10-08 15:52:02,408 [Worker-19: Launching mavenrun-97b5711d-5e1f-43a2-a1f7-ef82d2bab380] INFO  o.eclipse.m2e.core.internal.Bundles - 	Entry: C:\Users\User\Downloads\eclipse\plugins\org.eclipse.m2e.maven.runtime_3.9.600.20231203-1234\jars\maven-resolver-util-1.9.18.jar
2024-10-08 15:52:02,408 [Worker-19: Launching mavenrun-97b5711d-5e1f-43a2-a1f7-ef82d2bab380] INFO  o.eclipse.m2e.core.internal.Bundles - 	Entry: C:\Users\User\Downloads\eclipse\plugins\org.eclipse.m2e.maven.runtime_3.9.600.20231203-1234\jars\maven-settings-3.9.6.jar
2024-10-08 15:52:02,408 [Worker-19: Launching mavenrun-97b5711d-5e1f-43a2-a1f7-ef82d2bab380] INFO  o.eclipse.m2e.core.internal.Bundles - 	Entry: C:\Users\User\Downloads\eclipse\plugins\org.eclipse.m2e.maven.runtime_3.9.600.20231203-1234\jars\maven-settings-builder-3.9.6.jar
2024-10-08 15:52:02,408 [Worker-19: Launching mavenrun-97b5711d-5e1f-43a2-a1f7-ef82d2bab380] INFO  o.eclipse.m2e.core.internal.Bundles - 	Entry: C:\Users\User\Downloads\eclipse\plugins\org.eclipse.m2e.maven.runtime_3.9.600.20231203-1234\jars\maven-shared-utils-3.3.4.jar
2024-10-08 15:52:02,408 [Worker-19: Launching mavenrun-97b5711d-5e1f-43a2-a1f7-ef82d2bab380] INFO  o.eclipse.m2e.core.internal.Bundles - 	Entry: C:\Users\User\Downloads\eclipse\plugins\org.eclipse.m2e.maven.runtime_3.9.600.20231203-1234\jars\org.eclipse.sisu.inject-0.9.0.M2.jar
2024-10-08 15:52:02,408 [Worker-19: Launching mavenrun-97b5711d-5e1f-43a2-a1f7-ef82d2bab380] INFO  o.eclipse.m2e.core.internal.Bundles - 	Entry: C:\Users\User\Downloads\eclipse\plugins\org.eclipse.m2e.maven.runtime_3.9.600.20231203-1234\jars\org.eclipse.sisu.plexus-0.9.0.M2.jar
2024-10-08 15:52:02,409 [Worker-19: Launching mavenrun-97b5711d-5e1f-43a2-a1f7-ef82d2bab380] INFO  o.eclipse.m2e.core.internal.Bundles - 	Entry: C:\Users\User\Downloads\eclipse\plugins\org.eclipse.m2e.maven.runtime_3.9.600.20231203-1234\jars\plexus-build-api-0.0.7.jar
2024-10-08 15:52:02,409 [Worker-19: Launching mavenrun-97b5711d-5e1f-43a2-a1f7-ef82d2bab380] INFO  o.eclipse.m2e.core.internal.Bundles - 	Entry: C:\Users\User\Downloads\eclipse\plugins\org.eclipse.m2e.maven.runtime_3.9.600.20231203-1234\jars\plexus-cipher-2.0.jar
2024-10-08 15:52:02,409 [Worker-19: Launching mavenrun-97b5711d-5e1f-43a2-a1f7-ef82d2bab380] INFO  o.eclipse.m2e.core.internal.Bundles - 	Entry: C:\Users\User\Downloads\eclipse\plugins\org.eclipse.m2e.maven.runtime_3.9.600.20231203-1234\jars\plexus-classworlds-2.7.0.jar
2024-10-08 15:52:02,409 [Worker-19: Launching mavenrun-97b5711d-5e1f-43a2-a1f7-ef82d2bab380] INFO  o.eclipse.m2e.core.internal.Bundles - 	Entry: C:\Users\User\Downloads\eclipse\plugins\org.eclipse.m2e.maven.runtime_3.9.600.20231203-1234\jars\plexus-component-annotations-2.1.0.jar
2024-10-08 15:52:02,409 [Worker-19: Launching mavenrun-97b5711d-5e1f-43a2-a1f7-ef82d2bab380] INFO  o.eclipse.m2e.core.internal.Bundles - 	Entry: C:\Users\User\Downloads\eclipse\plugins\org.eclipse.m2e.maven.runtime_3.9.600.20231203-1234\jars\plexus-interpolation-1.26.jar
2024-10-08 15:52:02,409 [Worker-19: Launching mavenrun-97b5711d-5e1f-43a2-a1f7-ef82d2bab380] INFO  o.eclipse.m2e.core.internal.Bundles - 	Entry: C:\Users\User\Downloads\eclipse\plugins\org.eclipse.m2e.maven.runtime_3.9.600.20231203-1234\jars\plexus-sec-dispatcher-2.0.jar
2024-10-08 15:52:02,409 [Worker-19: Launching mavenrun-97b5711d-5e1f-43a2-a1f7-ef82d2bab380] INFO  o.eclipse.m2e.core.internal.Bundles - 	Entry: C:\Users\User\Downloads\eclipse\plugins\org.eclipse.m2e.maven.runtime_3.9.600.20231203-1234\jars\plexus-utils-3.5.1.jar
2024-10-08 15:52:02,410 [Worker-19: Launching mavenrun-97b5711d-5e1f-43a2-a1f7-ef82d2bab380] INFO  o.eclipse.m2e.core.internal.Bundles - 	Entry: C:\Users\User\Downloads\eclipse\plugins\org.eclipse.m2e.maven.runtime_3.9.600.20231203-1234\jars\wagon-file-3.5.3.jar
2024-10-08 15:52:02,410 [Worker-19: Launching mavenrun-97b5711d-5e1f-43a2-a1f7-ef82d2bab380] INFO  o.eclipse.m2e.core.internal.Bundles - 	Entry: C:\Users\User\Downloads\eclipse\plugins\org.eclipse.m2e.maven.runtime_3.9.600.20231203-1234\jars\wagon-http-3.5.3.jar
2024-10-08 15:52:02,410 [Worker-19: Launching mavenrun-97b5711d-5e1f-43a2-a1f7-ef82d2bab380] INFO  o.eclipse.m2e.core.internal.Bundles - 	Entry: C:\Users\User\Downloads\eclipse\plugins\org.eclipse.m2e.maven.runtime_3.9.600.20231203-1234\jars\wagon-http-shared-3.5.3.jar
2024-10-08 15:52:02,410 [Worker-19: Launching mavenrun-97b5711d-5e1f-43a2-a1f7-ef82d2bab380] INFO  o.eclipse.m2e.core.internal.Bundles - 	Entry: C:\Users\User\Downloads\eclipse\plugins\org.eclipse.m2e.maven.runtime_3.9.600.20231203-1234\jars\wagon-provider-api-3.5.3.jar
2024-10-08 15:52:02,412 [Worker-19: Launching mavenrun-97b5711d-5e1f-43a2-a1f7-ef82d2bab380] INFO  o.eclipse.m2e.core.internal.Bundles - getClasspathEntries(Bundle=com.google.guava_33.0.0.jre [10])
2024-10-08 15:52:02,412 [Worker-19: Launching mavenrun-97b5711d-5e1f-43a2-a1f7-ef82d2bab380] INFO  o.eclipse.m2e.core.internal.Bundles - 	Entry: C:\Users\User\Downloads\eclipse\plugins\com.google.guava_33.0.0.jre.jar
2024-10-08 15:52:02,412 [Worker-19: Launching mavenrun-97b5711d-5e1f-43a2-a1f7-ef82d2bab380] INFO  o.eclipse.m2e.core.internal.Bundles - getClasspathEntries(Bundle=slf4j.api_2.0.12 [522])
2024-10-08 15:52:02,413 [Worker-19: Launching mavenrun-97b5711d-5e1f-43a2-a1f7-ef82d2bab380] INFO  o.eclipse.m2e.core.internal.Bundles - 	Entry: C:\Users\User\Downloads\eclipse\plugins\slf4j.api_2.0.12.jar
2024-10-08 15:52:02,413 [Worker-19: Launching mavenrun-97b5711d-5e1f-43a2-a1f7-ef82d2bab380] INFO  o.eclipse.m2e.core.internal.Bundles - getClasspathEntries(Bundle=jakarta.inject.jakarta.inject-api_1.0.5 [22])
2024-10-08 15:52:02,413 [Worker-19: Launching mavenrun-97b5711d-5e1f-43a2-a1f7-ef82d2bab380] INFO  o.eclipse.m2e.core.internal.Bundles - 	Entry: C:\Users\User\Downloads\eclipse\plugins\jakarta.inject.jakarta.inject-api_1.0.5.jar
2024-10-08 15:52:02,413 [Worker-19: Launching mavenrun-97b5711d-5e1f-43a2-a1f7-ef82d2bab380] INFO  o.eclipse.m2e.core.internal.Bundles - getClasspathEntries(Bundle=jakarta.annotation-api_1.3.5 [20])
2024-10-08 15:52:02,413 [Worker-19: Launching mavenrun-97b5711d-5e1f-43a2-a1f7-ef82d2bab380] INFO  o.eclipse.m2e.core.internal.Bundles - 	Entry: C:\Users\User\Downloads\eclipse\plugins\jakarta.annotation-api_1.3.5.jar
2024-10-08 15:52:02,413 [Worker-19: Launching mavenrun-97b5711d-5e1f-43a2-a1f7-ef82d2bab380] INFO  o.eclipse.m2e.core.internal.Bundles - getClasspathEntries(Bundle=org.apache.commons.cli_1.6.0 [46])
2024-10-08 15:52:02,414 [Worker-19: Launching mavenrun-97b5711d-5e1f-43a2-a1f7-ef82d2bab380] INFO  o.eclipse.m2e.core.internal.Bundles - 	Entry: C:\Users\User\Downloads\eclipse\plugins\org.apache.commons.cli_1.6.0.jar
2024-10-08 15:52:02,414 [Worker-19: Launching mavenrun-97b5711d-5e1f-43a2-a1f7-ef82d2bab380] INFO  o.eclipse.m2e.core.internal.Bundles - getClasspathEntries(Bundle=org.apache.commons.commons-codec_1.16.0 [47])
2024-10-08 15:52:02,414 [Worker-19: Launching mavenrun-97b5711d-5e1f-43a2-a1f7-ef82d2bab380] INFO  o.eclipse.m2e.core.internal.Bundles - 	Entry: C:\Users\User\Downloads\eclipse\plugins\org.apache.commons.commons-codec_1.16.0.jar
2024-10-08 15:52:02,414 [Worker-19: Launching mavenrun-97b5711d-5e1f-43a2-a1f7-ef82d2bab380] INFO  o.eclipse.m2e.core.internal.Bundles - getClasspathEntries(Bundle=org.apache.commons.lang3_3.14.0 [53])
2024-10-08 15:52:02,415 [Worker-19: Launching mavenrun-97b5711d-5e1f-43a2-a1f7-ef82d2bab380] INFO  o.eclipse.m2e.core.internal.Bundles - 	Entry: C:\Users\User\Downloads\eclipse\plugins\org.apache.commons.lang3_3.14.0.jar
2024-10-08 15:52:02,415 [Worker-19: Launching mavenrun-97b5711d-5e1f-43a2-a1f7-ef82d2bab380] INFO  o.eclipse.m2e.core.internal.Bundles - getClasspathEntries(Bundle=com.google.guava.failureaccess_1.0.2 [11])
2024-10-08 15:52:02,415 [Worker-19: Launching mavenrun-97b5711d-5e1f-43a2-a1f7-ef82d2bab380] INFO  o.eclipse.m2e.core.internal.Bundles - 	Entry: C:\Users\User\Downloads\eclipse\plugins\com.google.guava.failureaccess_1.0.2.jar
2024-10-08 15:52:02,423 [Worker-19: Launching mavenrun-97b5711d-5e1f-43a2-a1f7-ef82d2bab380] INFO  o.e.m.i.launch.MavenLaunchDelegate - Run build in "C:\Temp\m2e-archetypeGenerator8646101210167421190":
2024-10-08 15:52:02,428 [Worker-19: Launching mavenrun-97b5711d-5e1f-43a2-a1f7-ef82d2bab380] INFO  o.e.m.i.launch.MavenLaunchDelegate -  mvn  -DarchetypeGroupId=org.apache.maven.archetypes -DarchetypeArtifactId=maven-archetype-quickstart -DarchetypeVersion=1.1 -DgroupId=Rahullshetty -DartifactId=FrameWork -Dversion=0.0.1-SNAPSHOT -Dpackage=Rahullshetty.FrameWork -DoutputDirectory="C:\Users\User\Desktop\New folder (2)" -Dstyle.color=always -U archetype:generate
2024-10-08 15:52:48,797 [Worker-7: Creating maven-archetype-quickstart] INFO  o.e.m.c.i.p.ProjectConfigurationManager - Collecting project info '/pom.xml' C:\Users\User\Desktop\New folder (2)\FrameWork\pom.xml
2024-10-08 15:52:50,701 [Worker-7: Creating maven-archetype-quickstart] INFO  o.e.m.c.i.l.LifecycleMappingFactory - Using org.eclipse.m2e.jdt.JarLifecycleMapping lifecycle mapping for MavenProject: Rahullshetty:FrameWork:0.0.1-SNAPSHOT @ C:\Users\User\Desktop\New folder (2)\FrameWork\pom.xml.
2024-10-08 15:52:52,145 [Worker-7: Creating maven-archetype-quickstart] INFO  o.e.m.j.i.AbstractJavaProjectConfigurator - Adding source folder /FrameWork/src/main/java
2024-10-08 15:52:52,147 [Worker-7: Creating maven-archetype-quickstart] INFO  o.e.m.j.i.AbstractJavaProjectConfigurator - Adding resource folder /FrameWork/src/main/resources
2024-10-08 15:52:52,154 [Worker-7: Creating maven-archetype-quickstart] INFO  o.e.m.j.i.AbstractJavaProjectConfigurator - Adding source folder /FrameWork/src/test/java
2024-10-08 15:52:52,156 [Worker-7: Creating maven-archetype-quickstart] INFO  o.e.m.j.i.AbstractJavaProjectConfigurator - Adding resource folder /FrameWork/src/test/resources
2024-10-08 15:52:52,331 [Worker-7: Creating maven-archetype-quickstart] INFO  o.e.m.c.i.p.ProjectConfigurationManager - Imported and configured 1 project(s) in 3 sec
2024-10-08 15:52:53,552 [Worker-15: Building] INFO  o.a.m.s.f.DefaultMavenResourcesFiltering - skip non existing resourceDirectory C:\Users\User\Desktop\New folder (2)\FrameWork\src\main\resources
2024-10-08 15:52:53,559 [Worker-15: Building] INFO  o.a.m.s.f.DefaultMavenResourcesFiltering - skip non existing resourceDirectory C:\Users\User\Desktop\New folder (2)\FrameWork\src\test\resources
2024-10-08 15:53:12,485 [Worker-4: Building] INFO  o.a.m.s.f.DefaultMavenResourcesFiltering - skip non existing resourceDirectory C:\Users\User\Desktop\New folder (2)\FrameWork\src\main\resources
2024-10-08 15:53:12,488 [Worker-4: Building] INFO  o.a.m.s.f.DefaultMavenResourcesFiltering - skip non existing resourceDirectory C:\Users\User\Desktop\New folder (2)\FrameWork\src\test\resources
2024-10-08 15:54:01,519 [Worker-15: Building] INFO  o.a.m.s.f.DefaultMavenResourcesFiltering - skip non existing resourceDirectory C:\Users\User\Desktop\New folder (2)\FrameWork\src\main\resources
2024-10-08 15:54:01,523 [Worker-15: Building] INFO  o.a.m.s.f.DefaultMavenResourcesFiltering - skip non existing resourceDirectory C:\Users\User\Desktop\New folder (2)\FrameWork\src\test\resources
2024-10-08 15:54:21,710 [Worker-15: Building] INFO  o.a.m.s.f.DefaultMavenResourcesFiltering - skip non existing resourceDirectory C:\Users\User\Desktop\New folder (2)\FrameWork\src\main\resources
2024-10-08 15:54:21,712 [Worker-15: Building] INFO  o.a.m.s.f.DefaultMavenResourcesFiltering - skip non existing resourceDirectory C:\Users\User\Desktop\New folder (2)\FrameWork\src\test\resources
2024-10-08 15:54:33,407 [Worker-13: Building] INFO  o.a.m.s.f.DefaultMavenResourcesFiltering - skip non existing resourceDirectory C:\Users\User\Desktop\New folder (2)\FrameWork\src\main\resources
2024-10-08 15:54:33,408 [Worker-13: Building] INFO  o.a.m.s.f.DefaultMavenResourcesFiltering - skip non existing resourceDirectory C:\Users\User\Desktop\New folder (2)\FrameWork\src\test\resources
2024-10-08 15:59:47,915 [Worker-8: Building] INFO  o.a.m.s.f.DefaultMavenResourcesFiltering - skip non existing resourceDirectory C:\Users\User\Desktop\New folder (2)\FrameWork\src\main\resources
2024-10-08 15:59:47,918 [Worker-8: Building] INFO  o.a.m.s.f.DefaultMavenResourcesFiltering - skip non existing resourceDirectory C:\Users\User\Desktop\New folder (2)\FrameWork\src\test\resources
2024-10-08 16:00:40,420 [Worker-19: Building] INFO  o.a.m.s.f.DefaultMavenResourcesFiltering - skip non existing resourceDirectory C:\Users\User\Desktop\New folder (2)\FrameWork\src\main\resources
2024-10-08 16:00:40,422 [Worker-19: Building] INFO  o.a.m.s.f.DefaultMavenResourcesFiltering - skip non existing resourceDirectory C:\Users\User\Desktop\New folder (2)\FrameWork\src\test\resources
2024-10-08 16:01:43,023 [Worker-9: Building] INFO  o.a.m.s.f.DefaultMavenResourcesFiltering - skip non existing resourceDirectory C:\Users\User\Desktop\New folder (2)\FrameWork\src\main\resources
2024-10-08 16:01:43,025 [Worker-9: Building] INFO  o.a.m.s.f.DefaultMavenResourcesFiltering - skip non existing resourceDirectory C:\Users\User\Desktop\New folder (2)\FrameWork\src\test\resources
2024-10-08 16:02:26,586 [Worker-9: Building] INFO  o.a.m.s.f.DefaultMavenResourcesFiltering - skip non existing resourceDirectory C:\Users\User\Desktop\New folder (2)\FrameWork\src\main\resources
2024-10-08 16:02:26,587 [Worker-9: Building] INFO  o.a.m.s.f.DefaultMavenResourcesFiltering - skip non existing resourceDirectory C:\Users\User\Desktop\New folder (2)\FrameWork\src\test\resources
2024-10-08 16:03:03,684 [Worker-19: Building] INFO  o.a.m.s.f.DefaultMavenResourcesFiltering - skip non existing resourceDirectory C:\Users\User\Desktop\New folder (2)\FrameWork\src\main\resources
2024-10-08 16:03:03,686 [Worker-19: Building] INFO  o.a.m.s.f.DefaultMavenResourcesFiltering - skip non existing resourceDirectory C:\Users\User\Desktop\New folder (2)\FrameWork\src\test\resources
2024-10-08 16:06:07,797 [Worker-15: Building] INFO  o.e.m.c.i.l.LifecycleMappingFactory - Using org.eclipse.m2e.jdt.JarLifecycleMapping lifecycle mapping for MavenProject: Rahullshetty:FrameWork:0.0.1-SNAPSHOT @ C:\Users\User\Desktop\New folder (2)\FrameWork\pom.xml.
2024-10-08 16:06:07,926 [Worker-15: Building] INFO  o.a.m.s.f.DefaultMavenResourcesFiltering - skip non existing resourceDirectory C:\Users\User\Desktop\New folder (2)\FrameWork\src\main\resources
2024-10-08 16:06:07,928 [Worker-15: Building] INFO  o.a.m.s.f.DefaultMavenResourcesFiltering - skip non existing resourceDirectory C:\Users\User\Desktop\New folder (2)\FrameWork\src\test\resources
2024-10-08 16:07:10,436 [Worker-19: Building] INFO  o.e.m.c.i.l.LifecycleMappingFactory - Using org.eclipse.m2e.jdt.JarLifecycleMapping lifecycle mapping for MavenProject: Rahullshetty:FrameWork:0.0.1-SNAPSHOT @ C:\Users\User\Desktop\New folder (2)\FrameWork\pom.xml.
2024-10-08 16:07:12,780 [Worker-19: Building] INFO  o.a.m.s.f.DefaultMavenResourcesFiltering - skip non existing resourceDirectory C:\Users\User\Desktop\New folder (2)\FrameWork\src\main\resources
2024-10-08 16:07:12,783 [Worker-19: Building] INFO  o.a.m.s.f.DefaultMavenResourcesFiltering - skip non existing resourceDirectory C:\Users\User\Desktop\New folder (2)\FrameWork\src\test\resources
2024-10-08 16:07:14,486 [Worker-23: Building] INFO  o.a.m.s.f.DefaultMavenResourcesFiltering - skip non existing resourceDirectory C:\Users\User\Desktop\New folder (2)\FrameWork\src\main\resources
2024-10-08 16:07:14,489 [Worker-23: Building] INFO  o.a.m.s.f.DefaultMavenResourcesFiltering - skip non existing resourceDirectory C:\Users\User\Desktop\New folder (2)\FrameWork\src\test\resources
2024-10-08 16:08:56,834 [Worker-15: Building] INFO  o.a.m.s.f.DefaultMavenResourcesFiltering - skip non existing resourceDirectory C:\Users\User\Desktop\New folder (2)\FrameWork\src\main\resources
2024-10-08 16:08:56,837 [Worker-15: Building] INFO  o.a.m.s.f.DefaultMavenResourcesFiltering - skip non existing resourceDirectory C:\Users\User\Desktop\New folder (2)\FrameWork\src\test\resources
2024-10-08 16:09:08,728 [Worker-15: Building] INFO  o.a.m.s.f.DefaultMavenResourcesFiltering - skip non existing resourceDirectory C:\Users\User\Desktop\New folder (2)\FrameWork\src\main\resources
2024-10-08 16:09:08,733 [Worker-15: Building] INFO  o.a.m.s.f.DefaultMavenResourcesFiltering - skip non existing resourceDirectory C:\Users\User\Desktop\New folder (2)\FrameWork\src\test\resources
2024-10-08 16:10:23,987 [Worker-23: Building] INFO  o.a.m.s.f.DefaultMavenResourcesFiltering - skip non existing resourceDirectory C:\Users\User\Desktop\New folder (2)\FrameWork\src\main\resources
2024-10-08 16:10:23,989 [Worker-23: Building] INFO  o.a.m.s.f.DefaultMavenResourcesFiltering - skip non existing resourceDirectory C:\Users\User\Desktop\New folder (2)\FrameWork\src\test\resources
2024-10-08 16:10:51,660 [Worker-24: Building] INFO  o.a.m.s.f.DefaultMavenResourcesFiltering - skip non existing resourceDirectory C:\Users\User\Desktop\New folder (2)\FrameWork\src\main\resources
2024-10-08 16:10:51,663 [Worker-24: Building] INFO  o.a.m.s.f.DefaultMavenResourcesFiltering - skip non existing resourceDirectory C:\Users\User\Desktop\New folder (2)\FrameWork\src\test\resources
2024-10-08 16:11:18,209 [Worker-24: Building] INFO  o.a.m.s.f.DefaultMavenResourcesFiltering - skip non existing resourceDirectory C:\Users\User\Desktop\New folder (2)\FrameWork\src\main\resources
2024-10-08 16:11:18,211 [Worker-24: Building] INFO  o.a.m.s.f.DefaultMavenResourcesFiltering - skip non existing resourceDirectory C:\Users\User\Desktop\New folder (2)\FrameWork\src\test\resources
2024-10-08 16:12:04,473 [Worker-25: Building] INFO  o.a.m.s.f.DefaultMavenResourcesFiltering - skip non existing resourceDirectory C:\Users\User\Desktop\New folder (2)\FrameWork\src\main\resources
2024-10-08 16:12:04,479 [Worker-25: Building] INFO  o.a.m.s.f.DefaultMavenResourcesFiltering - skip non existing resourceDirectory C:\Users\User\Desktop\New folder (2)\FrameWork\src\test\resources
2024-10-08 16:12:17,306 [Worker-24: Building] INFO  o.a.m.s.f.DefaultMavenResourcesFiltering - skip non existing resourceDirectory C:\Users\User\Desktop\New folder (2)\FrameWork\src\main\resources
2024-10-08 16:12:17,307 [Worker-24: Building] INFO  o.a.m.s.f.DefaultMavenResourcesFiltering - skip non existing resourceDirectory C:\Users\User\Desktop\New folder (2)\FrameWork\src\test\resources
2024-10-08 16:12:36,221 [Worker-19: Building] INFO  o.a.m.s.f.DefaultMavenResourcesFiltering - skip non existing resourceDirectory C:\Users\User\Desktop\New folder (2)\FrameWork\src\main\resources
2024-10-08 16:12:36,223 [Worker-19: Building] INFO  o.a.m.s.f.DefaultMavenResourcesFiltering - skip non existing resourceDirectory C:\Users\User\Desktop\New folder (2)\FrameWork\src\test\resources
2024-10-08 16:12:48,728 [Worker-24: Building] INFO  o.a.m.s.f.DefaultMavenResourcesFiltering - skip non existing resourceDirectory C:\Users\User\Desktop\New folder (2)\FrameWork\src\main\resources
2024-10-08 16:12:48,730 [Worker-24: Building] INFO  o.a.m.s.f.DefaultMavenResourcesFiltering - skip non existing resourceDirectory C:\Users\User\Desktop\New folder (2)\FrameWork\src\test\resources
2024-10-08 16:13:38,111 [Worker-19: Building] INFO  o.a.m.s.f.DefaultMavenResourcesFiltering - skip non existing resourceDirectory C:\Users\User\Desktop\New folder (2)\FrameWork\src\main\resources
2024-10-08 16:13:38,113 [Worker-19: Building] INFO  o.a.m.s.f.DefaultMavenResourcesFiltering - skip non existing resourceDirectory C:\Users\User\Desktop\New folder (2)\FrameWork\src\test\resources
2024-10-08 16:13:49,708 [Worker-25: Building] INFO  o.a.m.s.f.DefaultMavenResourcesFiltering - skip non existing resourceDirectory C:\Users\User\Desktop\New folder (2)\FrameWork\src\main\resources
2024-10-08 16:13:49,711 [Worker-25: Building] INFO  o.a.m.s.f.DefaultMavenResourcesFiltering - skip non existing resourceDirectory C:\Users\User\Desktop\New folder (2)\FrameWork\src\test\resources
2024-10-08 16:14:03,326 [Worker-9: Building] INFO  o.a.m.s.f.DefaultMavenResourcesFiltering - skip non existing resourceDirectory C:\Users\User\Desktop\New folder (2)\FrameWork\src\main\resources
2024-10-08 16:14:03,328 [Worker-9: Building] INFO  o.a.m.s.f.DefaultMavenResourcesFiltering - skip non existing resourceDirectory C:\Users\User\Desktop\New folder (2)\FrameWork\src\test\resources
2024-10-08 16:15:07,801 [Worker-9: Building] INFO  o.a.m.s.f.DefaultMavenResourcesFiltering - skip non existing resourceDirectory C:\Users\User\Desktop\New folder (2)\FrameWork\src\main\resources
2024-10-08 16:15:07,805 [Worker-9: Building] INFO  o.a.m.s.f.DefaultMavenResourcesFiltering - skip non existing resourceDirectory C:\Users\User\Desktop\New folder (2)\FrameWork\src\test\resources
2024-10-08 16:15:18,059 [Worker-19: Building] INFO  o.a.m.s.f.DefaultMavenResourcesFiltering - skip non existing resourceDirectory C:\Users\User\Desktop\New folder (2)\FrameWork\src\main\resources
2024-10-08 16:15:18,062 [Worker-19: Building] INFO  o.a.m.s.f.DefaultMavenResourcesFiltering - skip non existing resourceDirectory C:\Users\User\Desktop\New folder (2)\FrameWork\src\test\resources
2024-10-08 16:15:30,118 [Worker-9: Building] INFO  o.a.m.s.f.DefaultMavenResourcesFiltering - skip non existing resourceDirectory C:\Users\User\Desktop\New folder (2)\FrameWork\src\main\resources
2024-10-08 16:15:30,120 [Worker-9: Building] INFO  o.a.m.s.f.DefaultMavenResourcesFiltering - skip non existing resourceDirectory C:\Users\User\Desktop\New folder (2)\FrameWork\src\test\resources
2024-10-08 16:15:43,386 [Worker-24: Building] INFO  o.a.m.s.f.DefaultMavenResourcesFiltering - skip non existing resourceDirectory C:\Users\User\Desktop\New folder (2)\FrameWork\src\main\resources
2024-10-08 16:15:43,387 [Worker-24: Building] INFO  o.a.m.s.f.DefaultMavenResourcesFiltering - skip non existing resourceDirectory C:\Users\User\Desktop\New folder (2)\FrameWork\src\test\resources
2024-10-08 16:16:13,717 [Worker-19: Building] INFO  o.a.m.s.f.DefaultMavenResourcesFiltering - skip non existing resourceDirectory C:\Users\User\Desktop\New folder (2)\FrameWork\src\main\resources
2024-10-08 16:16:13,719 [Worker-19: Building] INFO  o.a.m.s.f.DefaultMavenResourcesFiltering - skip non existing resourceDirectory C:\Users\User\Desktop\New folder (2)\FrameWork\src\test\resources
2024-10-08 16:16:35,391 [Worker-19: Building] INFO  o.a.m.s.f.DefaultMavenResourcesFiltering - skip non existing resourceDirectory C:\Users\User\Desktop\New folder (2)\FrameWork\src\main\resources
2024-10-08 16:16:35,393 [Worker-19: Building] INFO  o.a.m.s.f.DefaultMavenResourcesFiltering - skip non existing resourceDirectory C:\Users\User\Desktop\New folder (2)\FrameWork\src\test\resources
2024-10-08 16:16:50,049 [Worker-25: Building] INFO  o.a.m.s.f.DefaultMavenResourcesFiltering - skip non existing resourceDirectory C:\Users\User\Desktop\New folder (2)\FrameWork\src\main\resources
2024-10-08 16:16:50,050 [Worker-25: Building] INFO  o.a.m.s.f.DefaultMavenResourcesFiltering - skip non existing resourceDirectory C:\Users\User\Desktop\New folder (2)\FrameWork\src\test\resources
2024-10-08 16:17:04,894 [Worker-9: Building] INFO  o.a.m.s.f.DefaultMavenResourcesFiltering - skip non existing resourceDirectory C:\Users\User\Desktop\New folder (2)\FrameWork\src\main\resources
2024-10-08 16:17:04,895 [Worker-9: Building] INFO  o.a.m.s.f.DefaultMavenResourcesFiltering - skip non existing resourceDirectory C:\Users\User\Desktop\New folder (2)\FrameWork\src\test\resources
2024-10-08 16:18:03,108 [Worker-25: Building] INFO  o.a.m.s.f.DefaultMavenResourcesFiltering - skip non existing resourceDirectory C:\Users\User\Desktop\New folder (2)\FrameWork\src\main\resources
2024-10-08 16:18:03,111 [Worker-25: Building] INFO  o.a.m.s.f.DefaultMavenResourcesFiltering - skip non existing resourceDirectory C:\Users\User\Desktop\New folder (2)\FrameWork\src\test\resources
2024-10-08 16:19:16,228 [Worker-9: Building] INFO  o.a.m.s.f.DefaultMavenResourcesFiltering - skip non existing resourceDirectory C:\Users\User\Desktop\New folder (2)\FrameWork\src\main\resources
2024-10-08 16:19:16,230 [Worker-9: Building] INFO  o.a.m.s.f.DefaultMavenResourcesFiltering - skip non existing resourceDirectory C:\Users\User\Desktop\New folder (2)\FrameWork\src\test\resources
2024-10-08 16:21:54,157 [Worker-15: Building] INFO  o.a.m.s.f.DefaultMavenResourcesFiltering - skip non existing resourceDirectory C:\Users\User\Desktop\New folder (2)\FrameWork\src\main\resources
2024-10-08 16:21:54,159 [Worker-15: Building] INFO  o.a.m.s.f.DefaultMavenResourcesFiltering - skip non existing resourceDirectory C:\Users\User\Desktop\New folder (2)\FrameWork\src\test\resources
2024-10-08 16:24:31,619 [Worker-23: Building] INFO  o.a.m.s.f.DefaultMavenResourcesFiltering - skip non existing resourceDirectory C:\Users\User\Desktop\New folder (2)\FrameWork\src\main\resources
2024-10-08 16:24:31,620 [Worker-23: Building] INFO  o.a.m.s.f.DefaultMavenResourcesFiltering - skip non existing resourceDirectory C:\Users\User\Desktop\New folder (2)\FrameWork\src\test\resources
2024-10-08 16:25:05,978 [Worker-15: Building] INFO  o.a.m.s.f.DefaultMavenResourcesFiltering - skip non existing resourceDirectory C:\Users\User\Desktop\New folder (2)\FrameWork\src\main\resources
2024-10-08 16:25:05,980 [Worker-15: Building] INFO  o.a.m.s.f.DefaultMavenResourcesFiltering - skip non existing resourceDirectory C:\Users\User\Desktop\New folder (2)\FrameWork\src\test\resources
2024-10-08 16:59:04,312 [Worker-24: Building] INFO  o.a.m.s.f.DefaultMavenResourcesFiltering - skip non existing resourceDirectory C:\Users\User\Desktop\New folder (2)\FrameWork\src\main\resources
2024-10-08 16:59:04,315 [Worker-24: Building] INFO  o.a.m.s.f.DefaultMavenResourcesFiltering - skip non existing resourceDirectory C:\Users\User\Desktop\New folder (2)\FrameWork\src\test\resources
2024-10-08 17:02:32,260 [Worker-15: Building] INFO  o.a.m.s.f.DefaultMavenResourcesFiltering - skip non existing resourceDirectory C:\Users\User\Desktop\New folder (2)\FrameWork\src\main\resources
2024-10-08 17:02:32,262 [Worker-15: Building] INFO  o.a.m.s.f.DefaultMavenResourcesFiltering - skip non existing resourceDirectory C:\Users\User\Desktop\New folder (2)\FrameWork\src\test\resources
2024-10-08 17:08:02,987 [Worker-2: Loading available Gradle versions] INFO  o.e.b.c.i.u.g.PublishedGradleVersions - Gradle version information cache is up-to-date. Trying to read.
2024-10-08 17:10:43,372 [Worker-1: Building] INFO  o.a.m.s.f.DefaultMavenResourcesFiltering - skip non existing resourceDirectory C:\Users\User\Desktop\new\FrameWork\src\main\resources
2024-10-08 17:10:43,378 [Worker-1: Building] INFO  o.a.m.s.f.DefaultMavenResourcesFiltering - skip non existing resourceDirectory C:\Users\User\Desktop\new\FrameWork\src\test\resources
2024-10-08 17:12:53,506 [Worker-1: Building] INFO  o.a.m.s.f.DefaultMavenResourcesFiltering - skip non existing resourceDirectory C:\Users\User\Desktop\new\FrameWork\src\main\resources
2024-10-08 17:12:53,508 [Worker-1: Building] INFO  o.a.m.s.f.DefaultMavenResourcesFiltering - skip non existing resourceDirectory C:\Users\User\Desktop\new\FrameWork\src\test\resources
2024-10-08 17:14:10,134 [Worker-3: Building] INFO  o.a.m.s.f.DefaultMavenResourcesFiltering - skip non existing resourceDirectory C:\Users\User\Desktop\new\FrameWork\src\main\resources
2024-10-08 17:14:10,137 [Worker-3: Building] INFO  o.a.m.s.f.DefaultMavenResourcesFiltering - skip non existing resourceDirectory C:\Users\User\Desktop\new\FrameWork\src\test\resources
2024-10-08 17:18:58,108 [Worker-11: Building] INFO  o.a.m.s.f.DefaultMavenResourcesFiltering - skip non existing resourceDirectory C:\Users\User\Desktop\new\FrameWork\src\main\resources
2024-10-08 17:18:58,110 [Worker-11: Building] INFO  o.a.m.s.f.DefaultMavenResourcesFiltering - skip non existing resourceDirectory C:\Users\User\Desktop\new\FrameWork\src\test\resources
2024-10-08 17:19:15,167 [Worker-11: Building] INFO  o.a.m.s.f.DefaultMavenResourcesFiltering - skip non existing resourceDirectory C:\Users\User\Desktop\new\FrameWork\src\main\resources
2024-10-08 17:19:15,169 [Worker-11: Building] INFO  o.a.m.s.f.DefaultMavenResourcesFiltering - skip non existing resourceDirectory C:\Users\User\Desktop\new\FrameWork\src\test\resources
2024-10-08 17:21:37,687 [Worker-25: Building] INFO  o.a.m.s.f.DefaultMavenResourcesFiltering - skip non existing resourceDirectory C:\Users\User\Desktop\new\FrameWork\src\main\resources
2024-10-08 17:21:37,690 [Worker-25: Building] INFO  o.a.m.s.f.DefaultMavenResourcesFiltering - skip non existing resourceDirectory C:\Users\User\Desktop\new\FrameWork\src\test\resources
2024-10-08 17:24:26,239 [Worker-31: Building] INFO  o.a.m.s.f.DefaultMavenResourcesFiltering - skip non existing resourceDirectory C:\Users\User\Desktop\new\FrameWork\src\main\resources
2024-10-08 17:24:26,242 [Worker-31: Building] INFO  o.a.m.s.f.DefaultMavenResourcesFiltering - skip non existing resourceDirectory C:\Users\User\Desktop\new\FrameWork\src\test\resources
2024-10-08 17:29:02,234 [Worker-32: Building] INFO  o.a.m.s.f.DefaultMavenResourcesFiltering - skip non existing resourceDirectory C:\Users\User\Desktop\new\FrameWork\src\main\resources
2024-10-08 17:29:02,238 [Worker-32: Building] INFO  o.a.m.s.f.DefaultMavenResourcesFiltering - skip non existing resourceDirectory C:\Users\User\Desktop\new\FrameWork\src\test\resources
2024-10-08 17:39:32,716 [Worker-35: Building] INFO  o.a.m.s.f.DefaultMavenResourcesFiltering - skip non existing resourceDirectory C:\Users\User\Desktop\new\FrameWork\src\main\resources
2024-10-08 17:39:32,720 [Worker-35: Building] INFO  o.a.m.s.f.DefaultMavenResourcesFiltering - skip non existing resourceDirectory C:\Users\User\Desktop\new\FrameWork\src\test\resources
2024-10-08 17:43:51,722 [Worker-35: Building] INFO  o.a.m.s.f.DefaultMavenResourcesFiltering - skip non existing resourceDirectory C:\Users\User\Desktop\new\FrameWork\src\main\resources
2024-10-08 17:43:51,724 [Worker-35: Building] INFO  o.a.m.s.f.DefaultMavenResourcesFiltering - skip non existing resourceDirectory C:\Users\User\Desktop\new\FrameWork\src\test\resources
2024-10-08 17:44:55,923 [Worker-39: Building] INFO  o.a.m.s.f.DefaultMavenResourcesFiltering - skip non existing resourceDirectory C:\Users\User\Desktop\new\FrameWork\src\main\resources
2024-10-08 17:44:55,926 [Worker-39: Building] INFO  o.a.m.s.f.DefaultMavenResourcesFiltering - skip non existing resourceDirectory C:\Users\User\Desktop\new\FrameWork\src\test\resources
2024-10-08 17:53:09,855 [Worker-39: Building] INFO  o.a.m.s.f.DefaultMavenResourcesFiltering - skip non existing resourceDirectory C:\Users\User\Desktop\new\FrameWork\src\main\resources
2024-10-08 17:53:09,858 [Worker-39: Building] INFO  o.a.m.s.f.DefaultMavenResourcesFiltering - skip non existing resourceDirectory C:\Users\User\Desktop\new\FrameWork\src\test\resources
2024-10-08 17:57:55,721 [Worker-46: Building] INFO  o.a.m.s.f.DefaultMavenResourcesFiltering - skip non existing resourceDirectory C:\Users\User\Desktop\new\FrameWork\src\main\resources
2024-10-08 17:57:55,726 [Worker-46: Building] INFO  o.a.m.s.f.DefaultMavenResourcesFiltering - skip non existing resourceDirectory C:\Users\User\Desktop\new\FrameWork\src\test\resources
2024-10-08 18:00:08,907 [Worker-53: Building] INFO  o.a.m.s.f.DefaultMavenResourcesFiltering - skip non existing resourceDirectory C:\Users\User\Desktop\new\FrameWork\src\main\resources
2024-10-08 18:00:08,909 [Worker-53: Building] INFO  o.a.m.s.f.DefaultMavenResourcesFiltering - skip non existing resourceDirectory C:\Users\User\Desktop\new\FrameWork\src\test\resources
2024-10-08 18:01:05,363 [Worker-58: Building] INFO  o.a.m.s.f.DefaultMavenResourcesFiltering - skip non existing resourceDirectory C:\Users\User\Desktop\new\FrameWork\src\main\resources
2024-10-08 18:01:05,366 [Worker-58: Building] INFO  o.a.m.s.f.DefaultMavenResourcesFiltering - skip non existing resourceDirectory C:\Users\User\Desktop\new\FrameWork\src\test\resources
2024-10-08 18:04:02,124 [Worker-61: Building] INFO  o.a.m.s.f.DefaultMavenResourcesFiltering - skip non existing resourceDirectory C:\Users\User\Desktop\new\FrameWork\src\main\resources
2024-10-08 18:04:02,127 [Worker-61: Building] INFO  o.a.m.s.f.DefaultMavenResourcesFiltering - skip non existing resourceDirectory C:\Users\User\Desktop\new\FrameWork\src\test\resources
2024-10-08 18:05:04,690 [Worker-61: Building] INFO  o.a.m.s.f.DefaultMavenResourcesFiltering - skip non existing resourceDirectory C:\Users\User\Desktop\new\FrameWork\src\main\resources
2024-10-08 18:05:04,693 [Worker-61: Building] INFO  o.a.m.s.f.DefaultMavenResourcesFiltering - skip non existing resourceDirectory C:\Users\User\Desktop\new\FrameWork\src\test\resources
2024-10-08 18:10:17,967 [Worker-63: Building] INFO  o.a.m.s.f.DefaultMavenResourcesFiltering - skip non existing resourceDirectory C:\Users\User\Desktop\new\FrameWork\src\main\resources
2024-10-08 18:10:17,969 [Worker-63: Building] INFO  o.a.m.s.f.DefaultMavenResourcesFiltering - skip non existing resourceDirectory C:\Users\User\Desktop\new\FrameWork\src\test\resources
2024-10-08 18:11:07,726 [Worker-66: Building] INFO  o.a.m.s.f.DefaultMavenResourcesFiltering - skip non existing resourceDirectory C:\Users\User\Desktop\new\FrameWork\src\main\resources
2024-10-08 18:11:07,728 [Worker-66: Building] INFO  o.a.m.s.f.DefaultMavenResourcesFiltering - skip non existing resourceDirectory C:\Users\User\Desktop\new\FrameWork\src\test\resources
2024-10-08 18:11:46,268 [Worker-62: Building] INFO  o.a.m.s.f.DefaultMavenResourcesFiltering - skip non existing resourceDirectory C:\Users\User\Desktop\new\FrameWork\src\main\resources
2024-10-08 18:11:46,272 [Worker-62: Building] INFO  o.a.m.s.f.DefaultMavenResourcesFiltering - skip non existing resourceDirectory C:\Users\User\Desktop\new\FrameWork\src\test\resources
2024-10-08 18:12:05,052 [Worker-66: Building] INFO  o.a.m.s.f.DefaultMavenResourcesFiltering - skip non existing resourceDirectory C:\Users\User\Desktop\new\FrameWork\src\main\resources
2024-10-08 18:12:05,056 [Worker-66: Building] INFO  o.a.m.s.f.DefaultMavenResourcesFiltering - skip non existing resourceDirectory C:\Users\User\Desktop\new\FrameWork\src\test\resources
2024-10-08 18:16:28,324 [Worker-66: Building] INFO  o.a.m.s.f.DefaultMavenResourcesFiltering - skip non existing resourceDirectory C:\Users\User\Desktop\new\FrameWork\src\main\resources
2024-10-08 18:16:28,326 [Worker-66: Building] INFO  o.a.m.s.f.DefaultMavenResourcesFiltering - skip non existing resourceDirectory C:\Users\User\Desktop\new\FrameWork\src\test\resources
2024-10-08 18:22:28,831 [Worker-63: Building] INFO  o.e.m.c.i.l.LifecycleMappingFactory - Using org.eclipse.m2e.jdt.JarLifecycleMapping lifecycle mapping for MavenProject: Rahullshetty:FrameWork:0.0.1-SNAPSHOT @ C:\Users\User\Desktop\new\FrameWork\pom.xml.
2024-10-08 18:22:29,059 [Worker-63: Building] INFO  o.a.m.s.f.DefaultMavenResourcesFiltering - skip non existing resourceDirectory C:\Users\User\Desktop\new\FrameWork\src\main\resources
2024-10-08 18:22:29,062 [Worker-63: Building] INFO  o.a.m.s.f.DefaultMavenResourcesFiltering - skip non existing resourceDirectory C:\Users\User\Desktop\new\FrameWork\src\test\resources
2024-10-08 18:23:02,971 [Worker-63: Building] INFO  o.a.m.s.f.DefaultMavenResourcesFiltering - skip non existing resourceDirectory C:\Users\User\Desktop\new\FrameWork\src\main\resources
2024-10-08 18:23:02,975 [Worker-63: Building] INFO  o.a.m.s.f.DefaultMavenResourcesFiltering - skip non existing resourceDirectory C:\Users\User\Desktop\new\FrameWork\src\test\resources
2024-10-08 18:24:59,981 [Worker-69: Building] INFO  o.a.m.s.f.DefaultMavenResourcesFiltering - skip non existing resourceDirectory C:\Users\User\Desktop\new\FrameWork\src\main\resources
2024-10-08 18:24:59,984 [Worker-69: Building] INFO  o.a.m.s.f.DefaultMavenResourcesFiltering - skip non existing resourceDirectory C:\Users\User\Desktop\new\FrameWork\src\test\resources
2024-10-08 18:25:19,664 [Worker-63: Building] INFO  o.a.m.s.f.DefaultMavenResourcesFiltering - skip non existing resourceDirectory C:\Users\User\Desktop\new\FrameWork\src\main\resources
2024-10-08 18:25:19,666 [Worker-63: Building] INFO  o.a.m.s.f.DefaultMavenResourcesFiltering - skip non existing resourceDirectory C:\Users\User\Desktop\new\FrameWork\src\test\resources
2024-10-08 18:26:34,844 [Worker-68: Building] INFO  o.a.m.s.f.DefaultMavenResourcesFiltering - skip non existing resourceDirectory C:\Users\User\Desktop\new\FrameWork\src\main\resources
2024-10-08 18:26:34,846 [Worker-68: Building] INFO  o.a.m.s.f.DefaultMavenResourcesFiltering - skip non existing resourceDirectory C:\Users\User\Desktop\new\FrameWork\src\test\resources
2024-10-08 18:30:20,261 [Worker-68: Building] INFO  o.a.m.s.f.DefaultMavenResourcesFiltering - skip non existing resourceDirectory C:\Users\User\Desktop\new\FrameWork\src\main\resources
2024-10-08 18:30:20,264 [Worker-68: Building] INFO  o.a.m.s.f.DefaultMavenResourcesFiltering - skip non existing resourceDirectory C:\Users\User\Desktop\new\FrameWork\src\test\resources
2024-10-08 18:30:41,163 [Worker-68: Building] INFO  o.a.m.s.f.DefaultMavenResourcesFiltering - skip non existing resourceDirectory C:\Users\User\Desktop\new\FrameWork\src\main\resources
2024-10-08 18:30:41,167 [Worker-68: Building] INFO  o.a.m.s.f.DefaultMavenResourcesFiltering - skip non existing resourceDirectory C:\Users\User\Desktop\new\FrameWork\src\test\resources
2024-10-08 18:45:39,666 [Worker-74: Building] INFO  o.a.m.s.f.DefaultMavenResourcesFiltering - skip non existing resourceDirectory C:\Users\User\Desktop\new\FrameWork\src\main\resources
2024-10-08 18:45:39,669 [Worker-74: Building] INFO  o.a.m.s.f.DefaultMavenResourcesFiltering - skip non existing resourceDirectory C:\Users\User\Desktop\new\FrameWork\src\test\resources
2024-10-08 18:49:27,583 [Worker-73: Building] INFO  o.a.m.s.f.DefaultMavenResourcesFiltering - skip non existing resourceDirectory C:\Users\User\Desktop\new\FrameWork\src\main\resources
2024-10-08 18:49:27,586 [Worker-73: Building] INFO  o.a.m.s.f.DefaultMavenResourcesFiltering - skip non existing resourceDirectory C:\Users\User\Desktop\new\FrameWork\src\test\resources
2024-10-08 18:51:18,257 [Worker-78: Building] INFO  o.a.m.s.f.DefaultMavenResourcesFiltering - skip non existing resourceDirectory C:\Users\User\Desktop\new\FrameWork\src\main\resources
2024-10-08 18:51:18,259 [Worker-78: Building] INFO  o.a.m.s.f.DefaultMavenResourcesFiltering - skip non existing resourceDirectory C:\Users\User\Desktop\new\FrameWork\src\test\resources
2024-10-08 21:14:40,455 [Worker-113: Building] INFO  o.a.m.s.f.DefaultMavenResourcesFiltering - skip non existing resourceDirectory C:\Users\User\Desktop\new\FrameWork\src\main\resources
2024-10-08 21:14:40,458 [Worker-113: Building] INFO  o.a.m.s.f.DefaultMavenResourcesFiltering - skip non existing resourceDirectory C:\Users\User\Desktop\new\FrameWork\src\test\resources
2024-10-08 21:17:44,616 [Worker-108: Building] INFO  o.a.m.s.f.DefaultMavenResourcesFiltering - skip non existing resourceDirectory C:\Users\User\Desktop\new\FrameWork\src\main\resources
2024-10-08 21:17:44,620 [Worker-108: Building] INFO  o.a.m.s.f.DefaultMavenResourcesFiltering - skip non existing resourceDirectory C:\Users\User\Desktop\new\FrameWork\src\test\resources
2024-10-08 21:18:35,617 [Worker-112: Building] INFO  o.a.m.s.f.DefaultMavenResourcesFiltering - skip non existing resourceDirectory C:\Users\User\Desktop\new\FrameWork\src\main\resources
2024-10-08 21:18:35,619 [Worker-112: Building] INFO  o.a.m.s.f.DefaultMavenResourcesFiltering - skip non existing resourceDirectory C:\Users\User\Desktop\new\FrameWork\src\test\resources
2024-10-08 21:18:46,023 [Worker-113: Building] INFO  o.a.m.s.f.DefaultMavenResourcesFiltering - skip non existing resourceDirectory C:\Users\User\Desktop\new\FrameWork\src\main\resources
2024-10-08 21:18:46,025 [Worker-113: Building] INFO  o.a.m.s.f.DefaultMavenResourcesFiltering - skip non existing resourceDirectory C:\Users\User\Desktop\new\FrameWork\src\test\resources
2024-10-08 21:19:53,786 [Worker-113: Building] INFO  o.a.m.s.f.DefaultMavenResourcesFiltering - skip non existing resourceDirectory C:\Users\User\Desktop\new\FrameWork\src\main\resources
2024-10-08 21:19:53,789 [Worker-113: Building] INFO  o.a.m.s.f.DefaultMavenResourcesFiltering - skip non existing resourceDirectory C:\Users\User\Desktop\new\FrameWork\src\test\resources
2024-10-08 21:23:49,313 [Worker-113: Building] INFO  o.a.m.s.f.DefaultMavenResourcesFiltering - skip non existing resourceDirectory C:\Users\User\Desktop\new\FrameWork\src\main\resources
2024-10-08 21:23:49,315 [Worker-113: Building] INFO  o.a.m.s.f.DefaultMavenResourcesFiltering - skip non existing resourceDirectory C:\Users\User\Desktop\new\FrameWork\src\test\resources
2024-10-08 21:24:00,203 [Worker-113: Building] INFO  o.a.m.s.f.DefaultMavenResourcesFiltering - skip non existing resourceDirectory C:\Users\User\Desktop\new\FrameWork\src\main\resources
2024-10-08 21:24:00,204 [Worker-113: Building] INFO  o.a.m.s.f.DefaultMavenResourcesFiltering - skip non existing resourceDirectory C:\Users\User\Desktop\new\FrameWork\src\test\resources
2024-10-08 21:24:33,939 [Worker-108: Building] INFO  o.a.m.s.f.DefaultMavenResourcesFiltering - skip non existing resourceDirectory C:\Users\User\Desktop\new\FrameWork\src\main\resources
2024-10-08 21:24:33,942 [Worker-108: Building] INFO  o.a.m.s.f.DefaultMavenResourcesFiltering - skip non existing resourceDirectory C:\Users\User\Desktop\new\FrameWork\src\test\resources
2024-10-08 21:27:40,397 [Worker-108: Building] INFO  o.a.m.s.f.DefaultMavenResourcesFiltering - skip non existing resourceDirectory C:\Users\User\Desktop\new\FrameWork\src\main\resources
2024-10-08 21:27:40,406 [Worker-108: Building] INFO  o.a.m.s.f.DefaultMavenResourcesFiltering - skip non existing resourceDirectory C:\Users\User\Desktop\new\FrameWork\src\test\resources
2024-10-09 10:47:41,219 [Worker-0: Loading available Gradle versions] INFO  o.e.b.c.i.u.g.PublishedGradleVersions - Gradle version information cache is up-to-date. Trying to read.
2024-10-09 10:48:27,628 [Worker-13: Building] INFO  o.e.m.c.i.e.AbstractTransferListenerAdapter - Downloading https://repo.maven.apache.org/maven2/org/seleniumhq/selenium/selenium-api/maven-metadata.xml
2024-10-09 10:48:27,677 [Worker-13: Building] INFO  o.e.m.c.i.e.AbstractTransferListenerAdapter - Downloaded https://repo.maven.apache.org/maven2/org/seleniumhq/selenium/selenium-api/maven-metadata.xml
2024-10-09 10:48:28,049 [Worker-13: Building] INFO  o.e.m.c.i.e.AbstractTransferListenerAdapter - Downloading https://repo.maven.apache.org/maven2/org/seleniumhq/selenium/selenium-remote-driver/maven-metadata.xml
2024-10-09 10:48:28,085 [Worker-13: Building] INFO  o.e.m.c.i.e.AbstractTransferListenerAdapter - Downloaded https://repo.maven.apache.org/maven2/org/seleniumhq/selenium/selenium-remote-driver/maven-metadata.xml
2024-10-09 10:48:32,190 [Worker-13: Building] INFO  o.e.m.c.i.e.AbstractTransferListenerAdapter - Downloading https://repo.maven.apache.org/maven2/org/seleniumhq/selenium/selenium-support/maven-metadata.xml
2024-10-09 10:48:32,252 [Worker-13: Building] INFO  o.e.m.c.i.e.AbstractTransferListenerAdapter - Downloaded https://repo.maven.apache.org/maven2/org/seleniumhq/selenium/selenium-support/maven-metadata.xml
2024-10-09 10:48:33,713 [Worker-13: Building] INFO  o.a.m.s.f.DefaultMavenResourcesFiltering - skip non existing resourceDirectory C:\Users\User\Desktop\new\FrameWork\src\main\resources
2024-10-09 10:48:33,718 [Worker-13: Building] INFO  o.a.m.s.f.DefaultMavenResourcesFiltering - skip non existing resourceDirectory C:\Users\User\Desktop\new\FrameWork\src\test\resources
2024-10-09 10:50:49,446 [Worker-7: Building] INFO  o.a.m.s.f.DefaultMavenResourcesFiltering - skip non existing resourceDirectory C:\Users\User\Desktop\new\FrameWork\src\main\resources
2024-10-09 10:50:49,451 [Worker-7: Building] INFO  o.a.m.s.f.DefaultMavenResourcesFiltering - skip non existing resourceDirectory C:\Users\User\Desktop\new\FrameWork\src\test\resources
2024-10-09 11:16:38,294 [Worker-26: Building] INFO  o.e.m.c.i.l.LifecycleMappingFactory - Using org.eclipse.m2e.jdt.JarLifecycleMapping lifecycle mapping for MavenProject: Rahullshetty:FrameWork:0.0.1-SNAPSHOT @ C:\Users\User\Desktop\new\FrameWork\pom.xml.
2024-10-09 11:16:39,443 [Worker-26: Building] INFO  o.a.m.s.f.DefaultMavenResourcesFiltering - skip non existing resourceDirectory C:\Users\User\Desktop\new\FrameWork\src\main\resources
2024-10-09 11:16:39,449 [Worker-26: Building] INFO  o.a.m.s.f.DefaultMavenResourcesFiltering - skip non existing resourceDirectory C:\Users\User\Desktop\new\FrameWork\src\test\resources
2024-10-09 11:16:40,880 [Worker-21: Building] INFO  o.a.m.s.f.DefaultMavenResourcesFiltering - skip non existing resourceDirectory C:\Users\User\Desktop\new\FrameWork\src\main\resources
2024-10-09 11:16:40,889 [Worker-21: Building] INFO  o.a.m.s.f.DefaultMavenResourcesFiltering - skip non existing resourceDirectory C:\Users\User\Desktop\new\FrameWork\src\test\resources
2024-10-09 11:16:43,049 [Worker-25: Building] INFO  o.a.m.s.f.DefaultMavenResourcesFiltering - skip non existing resourceDirectory C:\Users\User\Desktop\new\FrameWork\src\main\resources
2024-10-09 11:16:43,054 [Worker-25: Building] INFO  o.a.m.s.f.DefaultMavenResourcesFiltering - skip non existing resourceDirectory C:\Users\User\Desktop\new\FrameWork\src\test\resources
2024-10-09 11:17:36,434 [Worker-21: Building] INFO  o.e.m.c.i.l.LifecycleMappingFactory - Using org.eclipse.m2e.jdt.JarLifecycleMapping lifecycle mapping for MavenProject: Rahullshetty:FrameWork:0.0.1-SNAPSHOT @ C:\Users\User\Desktop\new\FrameWork\pom.xml.
2024-10-09 11:17:37,479 [Worker-21: Building] INFO  o.a.m.s.f.DefaultMavenResourcesFiltering - skip non existing resourceDirectory C:\Users\User\Desktop\new\FrameWork\src\main\resources
2024-10-09 11:17:37,485 [Worker-21: Building] INFO  o.a.m.s.f.DefaultMavenResourcesFiltering - skip non existing resourceDirectory C:\Users\User\Desktop\new\FrameWork\src\test\resources
2024-10-09 12:06:46,926 [Worker-1: Loading available Gradle versions] INFO  o.e.b.c.i.u.g.PublishedGradleVersions - Gradle version information cache is up-to-date. Trying to read.
2024-10-09 12:39:36,362 [Worker-26: Building] INFO  o.e.m.c.i.l.LifecycleMappingFactory - Using org.eclipse.m2e.jdt.JarLifecycleMapping lifecycle mapping for MavenProject: Rahullshetty:FrameWork:0.0.1-SNAPSHOT @ C:\Users\User\Desktop\new\FrameWork\pom.xml.
2024-10-09 12:39:38,201 [Worker-26: Building] INFO  o.a.m.s.f.DefaultMavenResourcesFiltering - skip non existing resourceDirectory C:\Users\User\Desktop\new\FrameWork\src\main\resources
2024-10-09 12:39:38,204 [Worker-26: Building] INFO  o.a.m.s.f.DefaultMavenResourcesFiltering - skip non existing resourceDirectory C:\Users\User\Desktop\new\FrameWork\src\test\resources
2024-10-09 16:14:34,885 [Worker-4: Loading available Gradle versions] INFO  o.e.b.c.i.u.g.PublishedGradleVersions - Gradle version information cache is out-of-date. Trying to update.
2024-10-09 16:14:35,407 [Worker-8: Executing the early startup extensions] INFO  c.b.BrowserStackPluginActivator - Starting BrowserStack Plugin...
2024-10-09 16:15:08,748 [main] INFO  c.b.a.BrowserStackPropertyTester - Testing : isBrowserStackEnabled
2024-10-09 16:15:08,752 [main] INFO  c.b.BrowserStackPluginActivator - Prefs Keys []
2024-10-09 16:15:08,754 [main] INFO  c.b.a.BrowserStackPropertyTester - Validation Result isBrowserStackEnabled : true P/FrameWork
2024-10-09 16:15:08,756 [main] INFO  c.b.a.BrowserStackPropertyTester - Testing : isBrowserStackDisabled
2024-10-09 16:15:08,756 [main] INFO  c.b.BrowserStackPluginActivator - Prefs Keys []
2024-10-09 16:15:08,758 [main] INFO  c.b.a.BrowserStackPropertyTester - Validation Result isBrowserStackDisabled : false P/FrameWork
2024-10-09 16:15:12,959 [main] INFO  c.b.a.BrowserStackPropertyTester - Testing : isBrowserStackEnabled
2024-10-09 16:15:12,959 [main] INFO  c.b.BrowserStackPluginActivator - Prefs Keys []
2024-10-09 16:15:12,961 [main] INFO  c.b.a.BrowserStackPropertyTester - Validation Result isBrowserStackEnabled : true P/FrameWork
2024-10-09 16:15:12,963 [main] INFO  c.b.a.BrowserStackPropertyTester - Testing : isBrowserStackDisabled
2024-10-09 16:15:12,963 [main] INFO  c.b.BrowserStackPluginActivator - Prefs Keys []
2024-10-09 16:15:12,967 [main] INFO  c.b.a.BrowserStackPropertyTester - Validation Result isBrowserStackDisabled : false P/FrameWork
2024-10-09 16:15:15,906 [main] INFO  c.b.a.BrowserStackPropertyTester - Testing : isBrowserStackEnabled
2024-10-09 16:15:15,907 [main] INFO  c.b.BrowserStackPluginActivator - Prefs Keys []
2024-10-09 16:15:15,914 [main] INFO  c.b.a.BrowserStackPropertyTester - Validation Result isBrowserStackEnabled : true P/FrameWork
2024-10-09 16:15:15,918 [main] INFO  c.b.a.BrowserStackPropertyTester - Testing : isBrowserStackDisabled
2024-10-09 16:15:15,919 [main] INFO  c.b.BrowserStackPluginActivator - Prefs Keys []
2024-10-09 16:15:15,926 [main] INFO  c.b.a.BrowserStackPropertyTester - Validation Result isBrowserStackDisabled : false P/FrameWork
2024-10-09 16:15:32,484 [Worker-10: Building] INFO  o.a.m.s.f.DefaultMavenResourcesFiltering - skip non existing resourceDirectory C:\Users\User\Desktop\new\FrameWork\src\main\resources
2024-10-09 16:15:32,493 [Worker-10: Building] INFO  o.a.m.s.f.DefaultMavenResourcesFiltering - skip non existing resourceDirectory C:\Users\User\Desktop\new\FrameWork\src\test\resources
2024-10-09 16:15:33,999 [Worker-10: Building] INFO  o.e.m.c.i.l.LifecycleMappingFactory - Using org.eclipse.m2e.jdt.JarLifecycleMapping lifecycle mapping for MavenProject: Rahullshetty:FrameWork:0.0.1-SNAPSHOT @ C:\Users\User\Desktop\new\FrameWorkcloude\pom.xml.
2024-10-09 16:15:35,003 [Worker-10: Building] INFO  o.a.m.s.f.DefaultMavenResourcesFiltering - skip non existing resourceDirectory C:\Users\User\Desktop\new\FrameWorkcloude\src\main\resources
2024-10-09 16:15:35,007 [Worker-10: Building] INFO  o.a.m.s.f.DefaultMavenResourcesFiltering - skip non existing resourceDirectory C:\Users\User\Desktop\new\FrameWorkcloude\src\test\resources
2024-10-09 16:15:36,660 [Worker-21: Building] INFO  o.a.m.s.f.DefaultMavenResourcesFiltering - skip non existing resourceDirectory C:\Users\User\Desktop\new\FrameWorkcloude\src\main\resources
2024-10-09 16:15:36,667 [Worker-21: Building] INFO  o.a.m.s.f.DefaultMavenResourcesFiltering - skip non existing resourceDirectory C:\Users\User\Desktop\new\FrameWorkcloude\src\test\resources
2024-10-09 16:17:30,101 [Worker-12: Building] INFO  o.a.m.s.f.DefaultMavenResourcesFiltering - skip non existing resourceDirectory C:\Users\User\Desktop\new\FrameWorkcloude\src\main\resources
2024-10-09 16:17:30,107 [Worker-12: Building] INFO  o.a.m.s.f.DefaultMavenResourcesFiltering - skip non existing resourceDirectory C:\Users\User\Desktop\new\FrameWorkcloude\src\test\resources
2024-10-09 16:18:00,355 [main] INFO  c.b.a.BrowserStackPropertyTester - Testing : isBrowserStackEnabled
2024-10-09 16:18:00,356 [main] INFO  c.b.BrowserStackPluginActivator - Prefs Keys []
2024-10-09 16:18:00,359 [main] INFO  c.b.a.BrowserStackPropertyTester - Validation Result isBrowserStackEnabled : true P/FrameWorkcloude
2024-10-09 16:18:00,360 [main] INFO  c.b.a.BrowserStackPropertyTester - Testing : isBrowserStackDisabled
2024-10-09 16:18:00,360 [main] INFO  c.b.BrowserStackPluginActivator - Prefs Keys []
2024-10-09 16:18:00,363 [main] INFO  c.b.a.BrowserStackPropertyTester - Validation Result isBrowserStackDisabled : false P/FrameWorkcloude
2024-10-09 16:18:02,747 [main] INFO  c.b.a.BrowserStackPropertyTester - Testing : isBrowserStackEnabled
2024-10-09 16:18:02,749 [main] INFO  c.b.BrowserStackPluginActivator - Prefs Keys []
2024-10-09 16:18:02,757 [main] INFO  c.b.a.BrowserStackPropertyTester - Validation Result isBrowserStackEnabled : true P/FrameWorkcloude
2024-10-09 16:18:02,759 [main] INFO  c.b.a.BrowserStackPropertyTester - Testing : isBrowserStackDisabled
2024-10-09 16:18:02,760 [main] INFO  c.b.BrowserStackPluginActivator - Prefs Keys []
2024-10-09 16:18:02,766 [main] INFO  c.b.a.BrowserStackPropertyTester - Validation Result isBrowserStackDisabled : false P/FrameWorkcloude
2024-10-09 16:18:14,972 [main] INFO  c.b.a.BrowserStackPropertyTester - Testing : isBrowserStackEnabled
2024-10-09 16:18:14,973 [main] INFO  c.b.BrowserStackPluginActivator - Prefs Keys []
2024-10-09 16:18:14,976 [main] INFO  c.b.a.BrowserStackPropertyTester - Validation Result isBrowserStackEnabled : true P/FrameWorkcloude
2024-10-09 16:18:14,978 [main] INFO  c.b.a.BrowserStackPropertyTester - Testing : isBrowserStackDisabled
2024-10-09 16:18:14,978 [main] INFO  c.b.BrowserStackPluginActivator - Prefs Keys []
2024-10-09 16:18:14,980 [main] INFO  c.b.a.BrowserStackPropertyTester - Validation Result isBrowserStackDisabled : false P/FrameWorkcloude
2024-10-09 16:18:16,205 [main] INFO  c.b.a.BrowserStackPropertyTester - Testing : isBrowserStackEnabled
2024-10-09 16:18:16,206 [main] INFO  c.b.BrowserStackPluginActivator - Prefs Keys []
2024-10-09 16:18:16,212 [main] INFO  c.b.a.BrowserStackPropertyTester - Validation Result isBrowserStackEnabled : true P/FrameWorkcloude
2024-10-09 16:18:16,215 [main] INFO  c.b.a.BrowserStackPropertyTester - Testing : isBrowserStackDisabled
2024-10-09 16:18:16,215 [main] INFO  c.b.BrowserStackPluginActivator - Prefs Keys []
2024-10-09 16:18:16,221 [main] INFO  c.b.a.BrowserStackPropertyTester - Validation Result isBrowserStackDisabled : false P/FrameWorkcloude
